<?xml version="1.0" encoding="utf-8"?><testsuites name="pytest tests"><testsuite name="pytest" errors="0" failures="0" skipped="0" tests="3" time="44.541" timestamp="2026-05-20T12:07:40.368070+00:00" hostname="agent-env-4b1cf1d3-47eb-42fc-b306-b1613e9cc6a1"><testcase classname="backend.tests.test_quiz_full_flow" name="test_admin_adds_two_questions_and_room_creation_persists_selection" time="0.421" /><testcase classname="backend.tests.test_quiz_full_flow" name="test_two_players_join_lobby" time="0.210" /><testcase classname="backend.tests.test_quiz_full_flow" name="test_start_game_with_added_questions_and_complete_two_question_round" time="43.749" /></testsuite></testsuites>